\BOOKMARK [1][-]{section.1}{Wprowadzenie}{}% 1
\BOOKMARK [2][-]{subsection.1.1}{Opis przypadku biznesowego}{section.1}% 2
\BOOKMARK [3][-]{subsubsection.1.1.1}{Opis hipotetycznej sytuacji}{subsection.1.1}% 3
\BOOKMARK [3][-]{subsubsection.1.1.2}{Uzycie mojej aplikacji}{subsection.1.1}% 4
\BOOKMARK [2][-]{subsection.1.2}{Uk\233ad pracy}{section.1}% 5
\BOOKMARK [1][-]{section.2}{Specyfikacja wymagan}{}% 6
\BOOKMARK [2][-]{subsection.2.1}{S\233ownik pojec}{section.2}% 7
\BOOKMARK [2][-]{subsection.2.2}{Wymagania funkcjonalne}{section.2}% 8
\BOOKMARK [2][-]{subsection.2.3}{Wymagania funkcjonalne}{section.2}% 9
\BOOKMARK [1][-]{section.3}{Uzyte technologie}{}% 10
\BOOKMARK [2][-]{subsection.3.1}{Warstwa serwera}{section.3}% 11
\BOOKMARK [3][-]{subsubsection.3.1.1}{Architektura}{subsection.3.1}% 12
\BOOKMARK [3][-]{subsubsection.3.1.2}{G\233\363wne uzyte technologie}{subsection.3.1}% 13
\BOOKMARK [2][-]{subsection.3.2}{Warstwa komunikacji - GraphQL}{section.3}% 14
\BOOKMARK [1][-]{section.4}{De Finibus Bonorum et Malorum}{}% 15
\BOOKMARK [2][-]{subsection.4.1}{Critique of Pure Reason}{section.4}% 16
\BOOKMARK [2][-]{subsection.4.2}{Categorical Imperative}{section.4}% 17
\BOOKMARK [3][-]{subsubsection.4.2.1}{Deontological Ethics}{subsection.4.2}% 18
\BOOKMARK [3][-]{subsubsection.4.2.2}{Consequentialism \205 the Ideal of practical reason}{subsection.4.2}% 19
\BOOKMARK [2][-]{subsection.4.3}{G\366del's ontological proof}{section.4}% 20
\BOOKMARK [1][-]{section.5}{Code listings}{}% 21
\BOOKMARK [1][-]{section.6}{Summatio}{}% 22
\BOOKMARK [1][-]{section*.4}{Bibliografia}{}% 23
\BOOKMARK [1][-]{section*.5}{Wykaz symboli i skr\363t\363w}{}% 24
\BOOKMARK [1][-]{section*.5}{Spis rysunk\363w}{}% 25
\BOOKMARK [1][-]{section*.5}{Spis tabel}{}% 26
\BOOKMARK [1][-]{section*.6}{Spis za\233acznik\363w}{}% 27
